{"/Users/nathanleniz/Developer/thundercats/lib/action.js":{"path":"/Users/nathanleniz/Developer/thundercats/lib/action.js","s":{"1":1,"2":1,"3":6,"4":6,"5":6,"6":6,"7":5,"8":1,"9":1,"10":0,"11":4,"12":4,"13":4,"14":3,"15":4,"16":4,"17":6,"18":6,"19":6,"20":6,"21":3,"22":3,"23":3,"24":6,"25":3,"26":6,"27":0,"28":0,"29":0,"30":0,"31":0,"32":0,"33":0,"34":6,"35":1,"36":0,"37":0,"38":0,"39":0,"40":0,"41":0,"42":0,"43":0,"44":0,"45":0,"46":0,"47":0,"48":0,"49":0,"50":1},"b":{"1":[1,4],"2":[1,0],"3":[3,0],"4":[3,2,2],"5":[0,0],"6":[0,0],"7":[0,0],"8":[0,0]},"f":{"1":6,"2":5,"3":6,"4":3,"5":3,"6":0,"7":0,"8":0,"9":0,"10":0,"11":0},"fnMap":{"1":{"name":"create","line":12,"loc":{"start":{"line":12,"column":0},"end":{"line":12,"column":21}}},"2":{"name":"(anonymous_2)","line":18,"loc":{"start":{"line":18,"column":15},"end":{"line":18,"column":32}}},"3":{"name":"(anonymous_3)","line":39,"loc":{"start":{"line":39,"column":29},"end":{"line":39,"column":49}}},"4":{"name":"(anonymous_4)","line":42,"loc":{"start":{"line":42,"column":15},"end":{"line":42,"column":27}}},"5":{"name":"(anonymous_5)","line":54,"loc":{"start":{"line":54,"column":24},"end":{"line":54,"column":36}}},"6":{"name":"(anonymous_6)","line":65,"loc":{"start":{"line":65,"column":19},"end":{"line":65,"column":42}}},"7":{"name":"(anonymous_7)","line":68,"loc":{"start":{"line":68,"column":15},"end":{"line":68,"column":32}}},"8":{"name":"(anonymous_8)","line":70,"loc":{"start":{"line":70,"column":26},"end":{"line":70,"column":48}}},"9":{"name":"(anonymous_9)","line":75,"loc":{"start":{"line":75,"column":10},"end":{"line":75,"column":22}}},"10":{"name":"createActions","line":92,"loc":{"start":{"line":92,"column":0},"end":{"line":92,"column":32}}},"11":{"name":"(anonymous_11)","line":99,"loc":{"start":{"line":99,"column":29},"end":{"line":99,"column":56}}}},"statementMap":{"1":{"start":{"line":1,"column":0},"end":{"line":4,"column":34}},"2":{"start":{"line":12,"column":0},"end":{"line":83,"column":1}},"3":{"start":{"line":13,"column":2},"end":{"line":13,"column":21}},"4":{"start":{"line":15,"column":2},"end":{"line":15,"column":37}},"5":{"start":{"line":16,"column":2},"end":{"line":16,"column":35}},"6":{"start":{"line":18,"column":2},"end":{"line":35,"column":4}},"7":{"start":{"line":19,"column":4},"end":{"line":25,"column":5}},"8":{"start":{"line":20,"column":6},"end":{"line":24,"column":7}},"9":{"start":{"line":21,"column":8},"end":{"line":21,"column":27}},"10":{"start":{"line":23,"column":8},"end":{"line":23,"column":20}},"11":{"start":{"line":27,"column":4},"end":{"line":27,"column":30}},"12":{"start":{"line":28,"column":4},"end":{"line":28,"column":32}},"13":{"start":{"line":29,"column":4},"end":{"line":31,"column":5}},"14":{"start":{"line":30,"column":6},"end":{"line":30,"column":26}},"15":{"start":{"line":32,"column":4},"end":{"line":32,"column":23}},"16":{"start":{"line":34,"column":4},"end":{"line":34,"column":17}},"17":{"start":{"line":37,"column":2},"end":{"line":37,"column":64}},"18":{"start":{"line":39,"column":2},"end":{"line":49,"column":5}},"19":{"start":{"line":40,"column":4},"end":{"line":40,"column":29}},"20":{"start":{"line":41,"column":4},"end":{"line":48,"column":6}},"21":{"start":{"line":43,"column":8},"end":{"line":43,"column":48}},"22":{"start":{"line":44,"column":8},"end":{"line":46,"column":9}},"23":{"start":{"line":45,"column":10},"end":{"line":45,"column":37}},"24":{"start":{"line":54,"column":2},"end":{"line":58,"column":4}},"25":{"start":{"line":55,"column":4},"end":{"line":57,"column":31}},"26":{"start":{"line":65,"column":2},"end":{"line":80,"column":4}},"27":{"start":{"line":66,"column":4},"end":{"line":66,"column":40}},"28":{"start":{"line":67,"column":4},"end":{"line":79,"column":9}},"29":{"start":{"line":69,"column":8},"end":{"line":78,"column":10}},"30":{"start":{"line":71,"column":12},"end":{"line":71,"column":67}},"31":{"start":{"line":72,"column":12},"end":{"line":72,"column":33}},"32":{"start":{"line":73,"column":12},"end":{"line":73,"column":30}},"33":{"start":{"line":76,"column":12},"end":{"line":76,"column":25}},"34":{"start":{"line":82,"column":2},"end":{"line":82,"column":16}},"35":{"start":{"line":92,"column":0},"end":{"line":132,"column":1}},"36":{"start":{"line":93,"column":2},"end":{"line":93,"column":14}},"37":{"start":{"line":94,"column":2},"end":{"line":96,"column":3}},"38":{"start":{"line":95,"column":4},"end":{"line":95,"column":24}},"39":{"start":{"line":98,"column":2},"end":{"line":129,"column":3}},"40":{"start":{"line":99,"column":4},"end":{"line":128,"column":11}},"41":{"start":{"line":100,"column":6},"end":{"line":126,"column":7}},"42":{"start":{"line":101,"column":8},"end":{"line":101,"column":36}},"43":{"start":{"line":103,"column":8},"end":{"line":108,"column":10}},"44":{"start":{"line":110,"column":8},"end":{"line":114,"column":10}},"45":{"start":{"line":116,"column":8},"end":{"line":123,"column":9}},"46":{"start":{"line":117,"column":10},"end":{"line":122,"column":12}},"47":{"start":{"line":125,"column":8},"end":{"line":125,"column":51}},"48":{"start":{"line":127,"column":6},"end":{"line":127,"column":22}},"49":{"start":{"line":131,"column":2},"end":{"line":131,"column":17}},"50":{"start":{"line":134,"column":0},"end":{"line":137,"column":2}}},"branchMap":{"1":{"line":19,"type":"if","locations":[{"start":{"line":19,"column":4},"end":{"line":19,"column":4}},{"start":{"line":19,"column":4},"end":{"line":19,"column":4}}]},"2":{"line":20,"type":"if","locations":[{"start":{"line":20,"column":6},"end":{"line":20,"column":6}},{"start":{"line":20,"column":6},"end":{"line":20,"column":6}}]},"3":{"line":44,"type":"if","locations":[{"start":{"line":44,"column":8},"end":{"line":44,"column":8}},{"start":{"line":44,"column":8},"end":{"line":44,"column":8}}]},"4":{"line":55,"type":"binary-expr","locations":[{"start":{"line":55,"column":11},"end":{"line":55,"column":31}},{"start":{"line":56,"column":6},"end":{"line":56,"column":32}},{"start":{"line":57,"column":6},"end":{"line":57,"column":30}}]},"5":{"line":94,"type":"if","locations":[{"start":{"line":94,"column":2},"end":{"line":94,"column":2}},{"start":{"line":94,"column":2},"end":{"line":94,"column":2}}]},"6":{"line":98,"type":"if","locations":[{"start":{"line":98,"column":2},"end":{"line":98,"column":2}},{"start":{"line":98,"column":2},"end":{"line":98,"column":2}}]},"7":{"line":100,"type":"if","locations":[{"start":{"line":100,"column":6},"end":{"line":100,"column":6}},{"start":{"line":100,"column":6},"end":{"line":100,"column":6}}]},"8":{"line":116,"type":"if","locations":[{"start":{"line":116,"column":8},"end":{"line":116,"column":8}},{"start":{"line":116,"column":8},"end":{"line":116,"column":8}}]}}},"/Users/nathanleniz/Developer/thundercats/utils/invariant.js":{"path":"/Users/nathanleniz/Developer/thundercats/utils/invariant.js","s":{"1":1,"2":51,"3":51,"4":0,"5":51,"6":4,"7":4,"8":0,"9":4,"10":4,"11":4,"12":4,"13":4,"14":4,"15":1},"b":{"1":[51,0],"2":[0,51],"3":[4,47],"4":[0,4]},"f":{"1":51,"2":4},"fnMap":{"1":{"name":"(anonymous_1)","line":23,"loc":{"start":{"line":23,"column":16},"end":{"line":23,"column":62}}},"2":{"name":"(anonymous_2)","line":42,"loc":{"start":{"line":42,"column":30},"end":{"line":42,"column":41}}}},"statementMap":{"1":{"start":{"line":23,"column":0},"end":{"line":50,"column":2}},"2":{"start":{"line":24,"column":2},"end":{"line":28,"column":3}},"3":{"start":{"line":25,"column":4},"end":{"line":27,"column":5}},"4":{"start":{"line":26,"column":6},"end":{"line":26,"column":70}},"5":{"start":{"line":30,"column":2},"end":{"line":49,"column":3}},"6":{"start":{"line":31,"column":4},"end":{"line":31,"column":14}},"7":{"start":{"line":32,"column":4},"end":{"line":44,"column":5}},"8":{"start":{"line":33,"column":6},"end":{"line":36,"column":8}},"9":{"start":{"line":38,"column":6},"end":{"line":38,"column":36}},"10":{"start":{"line":39,"column":6},"end":{"line":39,"column":23}},"11":{"start":{"line":40,"column":6},"end":{"line":43,"column":8}},"12":{"start":{"line":42,"column":43},"end":{"line":42,"column":67}},"13":{"start":{"line":47,"column":4},"end":{"line":47,"column":26}},"14":{"start":{"line":48,"column":4},"end":{"line":48,"column":16}},"15":{"start":{"line":52,"column":0},"end":{"line":52,"column":27}}},"branchMap":{"1":{"line":24,"type":"if","locations":[{"start":{"line":24,"column":2},"end":{"line":24,"column":2}},{"start":{"line":24,"column":2},"end":{"line":24,"column":2}}]},"2":{"line":25,"type":"if","locations":[{"start":{"line":25,"column":4},"end":{"line":25,"column":4}},{"start":{"line":25,"column":4},"end":{"line":25,"column":4}}]},"3":{"line":30,"type":"if","locations":[{"start":{"line":30,"column":2},"end":{"line":30,"column":2}},{"start":{"line":30,"column":2},"end":{"line":30,"column":2}}]},"4":{"line":32,"type":"if","locations":[{"start":{"line":32,"column":4},"end":{"line":32,"column":4}},{"start":{"line":32,"column":4},"end":{"line":32,"column":4}}]}}},"/Users/nathanleniz/Developer/thundercats/lib/store.js":{"path":"/Users/nathanleniz/Developer/thundercats/lib/store.js","s":{"1":1,"2":1,"3":1,"4":1,"5":1,"6":1,"7":1,"8":14,"9":13,"10":11,"11":10,"12":10,"13":10,"14":10,"15":10,"16":10,"17":10,"18":10,"19":10,"20":1,"21":11,"22":1,"23":17,"24":13,"25":0,"26":13,"27":1,"28":8,"29":8,"30":0,"31":8,"32":3,"33":5,"34":1,"35":9,"36":9,"37":9,"38":9,"39":1,"40":10,"41":2,"42":10,"43":10,"44":10,"45":1,"46":9,"47":9,"48":7,"49":7,"50":0,"51":7,"52":1,"53":1,"54":1,"55":1,"56":1,"57":1,"58":1,"59":1,"60":3,"61":0,"62":3,"63":3,"64":3,"65":1,"66":1,"67":1,"68":3,"69":3,"70":3,"71":1,"72":2,"73":0,"74":2,"75":2,"76":2,"77":2,"78":2,"79":2,"80":2,"81":2,"82":1,"83":5,"84":5,"85":5,"86":5,"87":5,"88":5,"89":5,"90":5,"91":5,"92":3,"93":3,"94":0,"95":3,"96":2,"97":1,"98":6,"99":1,"100":10,"101":10,"102":8,"103":10,"104":10,"105":6,"106":10,"107":1,"108":1,"109":1,"110":10,"111":1},"b":{"1":[14,14],"2":[13,12],"3":[11,8],"4":[0,13],"5":[0,8],"6":[3,5],"7":[2,8],"8":[7,2],"9":[0,7],"10":[1,0],"11":[0,3],"12":[0,2],"13":[2,0],"14":[5,5],"15":[5,3,3],"16":[3,2],"17":[2,4],"18":[8,2],"19":[6,4],"20":[1,0]},"f":{"1":14,"2":11,"3":17,"4":13,"5":8,"6":9,"7":10,"8":9,"9":1,"10":3,"11":1,"12":2,"13":2,"14":5,"15":0,"16":3,"17":6,"18":10,"19":1},"fnMap":{"1":{"name":"create","line":9,"loc":{"start":{"line":9,"column":0},"end":{"line":9,"column":22}}},"2":{"name":"hasObservers","line":39,"loc":{"start":{"line":39,"column":2},"end":{"line":39,"column":26}}},"3":{"name":"notifyObservers","line":43,"loc":{"start":{"line":43,"column":2},"end":{"line":43,"column":34}}},"4":{"name":"(anonymous_4)","line":44,"loc":{"start":{"line":44,"column":35},"end":{"line":44,"column":50}}},"5":{"name":"init","line":53,"loc":{"start":{"line":53,"column":2},"end":{"line":53,"column":18}}},"6":{"name":"setValue","line":64,"loc":{"start":{"line":64,"column":2},"end":{"line":64,"column":25}}},"7":{"name":"disposeOperations","line":71,"loc":{"start":{"line":71,"column":2},"end":{"line":71,"column":31}}},"8":{"name":"initOperations","line":81,"loc":{"start":{"line":81,"column":2},"end":{"line":81,"column":28}}},"9":{"name":"dispose","line":95,"loc":{"start":{"line":95,"column":2},"end":{"line":95,"column":21}}},"10":{"name":"cancelOperation","line":105,"loc":{"start":{"line":105,"column":2},"end":{"line":105,"column":32}}},"11":{"name":"(anonymous_11)","line":113,"loc":{"start":{"line":113,"column":52},"end":{"line":113,"column":74}}},"12":{"name":"confirmOperation","line":124,"loc":{"start":{"line":124,"column":2},"end":{"line":124,"column":33}}},"13":{"name":"(anonymous_13)","line":130,"loc":{"start":{"line":130,"column":26},"end":{"line":130,"column":48}}},"14":{"name":"operationObservers","line":141,"loc":{"start":{"line":141,"column":2},"end":{"line":141,"column":41}}},"15":{"name":"(anonymous_15)","line":177,"loc":{"start":{"line":177,"column":29},"end":{"line":177,"column":41}}},"16":{"name":"(anonymous_16)","line":179,"loc":{"start":{"line":179,"column":9},"end":{"line":179,"column":21}}},"17":{"name":"applyOperation","line":188,"loc":{"start":{"line":188,"column":2},"end":{"line":188,"column":44}}},"18":{"name":"subscribe","line":195,"loc":{"start":{"line":195,"column":2},"end":{"line":195,"column":31}}},"19":{"name":"(anonymous_19)","line":209,"loc":{"start":{"line":209,"column":32},"end":{"line":209,"column":44}}}},"statementMap":{"1":{"start":{"line":2,"column":0},"end":{"line":2,"column":23}},"2":{"start":{"line":3,"column":0},"end":{"line":3,"column":32}},"3":{"start":{"line":4,"column":0},"end":{"line":4,"column":32}},"4":{"start":{"line":5,"column":0},"end":{"line":5,"column":32}},"5":{"start":{"line":6,"column":0},"end":{"line":6,"column":32}},"6":{"start":{"line":7,"column":0},"end":{"line":7,"column":38}},"7":{"start":{"line":9,"column":0},"end":{"line":218,"column":1}},"8":{"start":{"line":10,"column":2},"end":{"line":13,"column":4}},"9":{"start":{"line":15,"column":2},"end":{"line":19,"column":4}},"10":{"start":{"line":21,"column":2},"end":{"line":25,"column":4}},"11":{"start":{"line":27,"column":2},"end":{"line":27,"column":45}},"12":{"start":{"line":28,"column":2},"end":{"line":28,"column":41}},"13":{"start":{"line":31,"column":2},"end":{"line":31,"column":19}},"14":{"start":{"line":32,"column":2},"end":{"line":32,"column":38}},"15":{"start":{"line":33,"column":2},"end":{"line":33,"column":42}},"16":{"start":{"line":34,"column":2},"end":{"line":34,"column":27}},"17":{"start":{"line":35,"column":2},"end":{"line":35,"column":31}},"18":{"start":{"line":36,"column":2},"end":{"line":36,"column":35}},"19":{"start":{"line":37,"column":2},"end":{"line":37,"column":23}},"20":{"start":{"line":39,"column":2},"end":{"line":41,"column":3}},"21":{"start":{"line":40,"column":4},"end":{"line":40,"column":43}},"22":{"start":{"line":43,"column":2},"end":{"line":51,"column":3}},"23":{"start":{"line":44,"column":4},"end":{"line":50,"column":7}},"24":{"start":{"line":45,"column":6},"end":{"line":49,"column":7}},"25":{"start":{"line":46,"column":8},"end":{"line":46,"column":45}},"26":{"start":{"line":48,"column":8},"end":{"line":48,"column":37}},"27":{"start":{"line":53,"column":2},"end":{"line":62,"column":3}},"28":{"start":{"line":54,"column":4},"end":{"line":54,"column":41}},"29":{"start":{"line":55,"column":4},"end":{"line":61,"column":5}},"30":{"start":{"line":56,"column":6},"end":{"line":56,"column":51}},"31":{"start":{"line":57,"column":11},"end":{"line":61,"column":5}},"32":{"start":{"line":58,"column":6},"end":{"line":58,"column":76}},"33":{"start":{"line":60,"column":6},"end":{"line":60,"column":29}},"34":{"start":{"line":64,"column":2},"end":{"line":69,"column":3}},"35":{"start":{"line":65,"column":4},"end":{"line":65,"column":16}},"36":{"start":{"line":66,"column":4},"end":{"line":66,"column":22}},"37":{"start":{"line":67,"column":4},"end":{"line":67,"column":21}},"38":{"start":{"line":68,"column":4},"end":{"line":68,"column":22}},"39":{"start":{"line":71,"column":2},"end":{"line":79,"column":3}},"40":{"start":{"line":72,"column":4},"end":{"line":74,"column":5}},"41":{"start":{"line":73,"column":6},"end":{"line":73,"column":38}},"42":{"start":{"line":76,"column":4},"end":{"line":76,"column":33}},"43":{"start":{"line":77,"column":4},"end":{"line":77,"column":40}},"44":{"start":{"line":78,"column":4},"end":{"line":78,"column":25}},"45":{"start":{"line":81,"column":2},"end":{"line":93,"column":3}},"46":{"start":{"line":82,"column":4},"end":{"line":82,"column":24}},"47":{"start":{"line":84,"column":4},"end":{"line":92,"column":5}},"48":{"start":{"line":85,"column":6},"end":{"line":85,"column":39}},"49":{"start":{"line":86,"column":6},"end":{"line":90,"column":7}},"50":{"start":{"line":87,"column":8},"end":{"line":89,"column":10}},"51":{"start":{"line":91,"column":6},"end":{"line":91,"column":71}},"52":{"start":{"line":95,"column":2},"end":{"line":103,"column":3}},"53":{"start":{"line":96,"column":4},"end":{"line":98,"column":5}},"54":{"start":{"line":97,"column":6},"end":{"line":97,"column":34}},"55":{"start":{"line":99,"column":4},"end":{"line":99,"column":24}},"56":{"start":{"line":100,"column":4},"end":{"line":100,"column":17}},"57":{"start":{"line":101,"column":4},"end":{"line":101,"column":29}},"58":{"start":{"line":102,"column":4},"end":{"line":102,"column":21}},"59":{"start":{"line":105,"column":2},"end":{"line":122,"column":3}},"60":{"start":{"line":106,"column":4},"end":{"line":108,"column":5}},"61":{"start":{"line":107,"column":8},"end":{"line":107,"column":15}},"62":{"start":{"line":110,"column":4},"end":{"line":110,"column":47}},"63":{"start":{"line":111,"column":4},"end":{"line":111,"column":45}},"64":{"start":{"line":113,"column":4},"end":{"line":117,"column":17}},"65":{"start":{"line":114,"column":8},"end":{"line":114,"column":44}},"66":{"start":{"line":115,"column":8},"end":{"line":115,"column":36}},"67":{"start":{"line":116,"column":8},"end":{"line":116,"column":59}},"68":{"start":{"line":119,"column":4},"end":{"line":119,"column":37}},"69":{"start":{"line":120,"column":4},"end":{"line":120,"column":30}},"70":{"start":{"line":121,"column":4},"end":{"line":121,"column":22}},"71":{"start":{"line":124,"column":2},"end":{"line":139,"column":3}},"72":{"start":{"line":125,"column":4},"end":{"line":127,"column":5}},"73":{"start":{"line":126,"column":8},"end":{"line":126,"column":15}},"74":{"start":{"line":128,"column":4},"end":{"line":128,"column":40}},"75":{"start":{"line":129,"column":4},"end":{"line":129,"column":23}},"76":{"start":{"line":130,"column":4},"end":{"line":136,"column":7}},"77":{"start":{"line":131,"column":8},"end":{"line":135,"column":9}},"78":{"start":{"line":132,"column":12},"end":{"line":132,"column":38}},"79":{"start":{"line":133,"column":12},"end":{"line":133,"column":30}},"80":{"start":{"line":134,"column":12},"end":{"line":134,"column":24}},"81":{"start":{"line":138,"column":4},"end":{"line":138,"column":59}},"82":{"start":{"line":141,"column":2},"end":{"line":185,"column":3}},"83":{"start":{"line":142,"column":4},"end":{"line":145,"column":6}},"84":{"start":{"line":147,"column":4},"end":{"line":155,"column":6}},"85":{"start":{"line":158,"column":4},"end":{"line":158,"column":25}},"86":{"start":{"line":159,"column":4},"end":{"line":159,"column":45}},"87":{"start":{"line":160,"column":4},"end":{"line":160,"column":22}},"88":{"start":{"line":163,"column":4},"end":{"line":163,"column":24}},"89":{"start":{"line":164,"column":4},"end":{"line":167,"column":6}},"90":{"start":{"line":168,"column":4},"end":{"line":168,"column":30}},"91":{"start":{"line":170,"column":4},"end":{"line":184,"column":5}},"92":{"start":{"line":171,"column":6},"end":{"line":175,"column":8}},"93":{"start":{"line":177,"column":6},"end":{"line":181,"column":9}},"94":{"start":{"line":178,"column":8},"end":{"line":178,"column":30}},"95":{"start":{"line":180,"column":8},"end":{"line":180,"column":29}},"96":{"start":{"line":183,"column":6},"end":{"line":183,"column":28}},"97":{"start":{"line":188,"column":2},"end":{"line":192,"column":3}},"98":{"start":{"line":189,"column":4},"end":{"line":191,"column":33}},"99":{"start":{"line":195,"column":2},"end":{"line":215,"column":3}},"100":{"start":{"line":197,"column":4},"end":{"line":197,"column":24}},"101":{"start":{"line":199,"column":4},"end":{"line":201,"column":5}},"102":{"start":{"line":200,"column":6},"end":{"line":200,"column":13}},"103":{"start":{"line":203,"column":4},"end":{"line":203,"column":30}},"104":{"start":{"line":205,"column":4},"end":{"line":207,"column":5}},"105":{"start":{"line":206,"column":6},"end":{"line":206,"column":29}},"106":{"start":{"line":209,"column":4},"end":{"line":214,"column":7}},"107":{"start":{"line":210,"column":6},"end":{"line":210,"column":28}},"108":{"start":{"line":211,"column":6},"end":{"line":213,"column":7}},"109":{"start":{"line":212,"column":8},"end":{"line":212,"column":18}},"110":{"start":{"line":217,"column":2},"end":{"line":217,"column":41}},"111":{"start":{"line":220,"column":0},"end":{"line":222,"column":2}}},"branchMap":{"1":{"line":11,"type":"binary-expr","locations":[{"start":{"line":11,"column":4},"end":{"line":11,"column":8}},{"start":{"line":11,"column":12},"end":{"line":11,"column":36}}]},"2":{"line":16,"type":"binary-expr","locations":[{"start":{"line":16,"column":4},"end":{"line":16,"column":24}},{"start":{"line":16,"column":28},"end":{"line":16,"column":70}}]},"3":{"line":22,"type":"binary-expr","locations":[{"start":{"line":22,"column":4},"end":{"line":22,"column":23}},{"start":{"line":22,"column":27},"end":{"line":22,"column":67}}]},"4":{"line":45,"type":"if","locations":[{"start":{"line":45,"column":6},"end":{"line":45,"column":6}},{"start":{"line":45,"column":6},"end":{"line":45,"column":6}}]},"5":{"line":55,"type":"if","locations":[{"start":{"line":55,"column":4},"end":{"line":55,"column":4}},{"start":{"line":55,"column":4},"end":{"line":55,"column":4}}]},"6":{"line":57,"type":"if","locations":[{"start":{"line":57,"column":11},"end":{"line":57,"column":11}},{"start":{"line":57,"column":11},"end":{"line":57,"column":11}}]},"7":{"line":72,"type":"if","locations":[{"start":{"line":72,"column":4},"end":{"line":72,"column":4}},{"start":{"line":72,"column":4},"end":{"line":72,"column":4}}]},"8":{"line":84,"type":"if","locations":[{"start":{"line":84,"column":4},"end":{"line":84,"column":4}},{"start":{"line":84,"column":4},"end":{"line":84,"column":4}}]},"9":{"line":86,"type":"if","locations":[{"start":{"line":86,"column":6},"end":{"line":86,"column":6}},{"start":{"line":86,"column":6},"end":{"line":86,"column":6}}]},"10":{"line":96,"type":"if","locations":[{"start":{"line":96,"column":4},"end":{"line":96,"column":4}},{"start":{"line":96,"column":4},"end":{"line":96,"column":4}}]},"11":{"line":106,"type":"if","locations":[{"start":{"line":106,"column":4},"end":{"line":106,"column":4}},{"start":{"line":106,"column":4},"end":{"line":106,"column":4}}]},"12":{"line":125,"type":"if","locations":[{"start":{"line":125,"column":4},"end":{"line":125,"column":4}},{"start":{"line":125,"column":4},"end":{"line":125,"column":4}}]},"13":{"line":131,"type":"if","locations":[{"start":{"line":131,"column":8},"end":{"line":131,"column":8}},{"start":{"line":131,"column":8},"end":{"line":131,"column":8}}]},"14":{"line":143,"type":"binary-expr","locations":[{"start":{"line":143,"column":6},"end":{"line":143,"column":15}},{"start":{"line":143,"column":19},"end":{"line":143,"column":48}}]},"15":{"line":148,"type":"binary-expr","locations":[{"start":{"line":148,"column":6},"end":{"line":148,"column":21}},{"start":{"line":150,"column":8},"end":{"line":150,"column":27}},{"start":{"line":151,"column":8},"end":{"line":151,"column":49}}]},"16":{"line":170,"type":"if","locations":[{"start":{"line":170,"column":4},"end":{"line":170,"column":4}},{"start":{"line":170,"column":4},"end":{"line":170,"column":4}}]},"17":{"line":189,"type":"cond-expr","locations":[{"start":{"line":190,"column":6},"end":{"line":190,"column":21}},{"start":{"line":191,"column":6},"end":{"line":191,"column":32}}]},"18":{"line":199,"type":"if","locations":[{"start":{"line":199,"column":4},"end":{"line":199,"column":4}},{"start":{"line":199,"column":4},"end":{"line":199,"column":4}}]},"19":{"line":205,"type":"if","locations":[{"start":{"line":205,"column":4},"end":{"line":205,"column":4}},{"start":{"line":205,"column":4},"end":{"line":205,"column":4}}]},"20":{"line":211,"type":"if","locations":[{"start":{"line":211,"column":6},"end":{"line":211,"column":6}},{"start":{"line":211,"column":6},"end":{"line":211,"column":6}}]}}},"/Users/nathanleniz/Developer/thundercats/utils/index.js":{"path":"/Users/nathanleniz/Developer/thundercats/utils/index.js","s":{"1":1,"2":1,"3":1,"4":11,"5":1,"6":15,"7":1,"8":0,"9":0,"10":0,"11":0},"b":{"1":[11,10],"2":[15,14],"3":[0,0],"4":[0,0]},"f":{"1":11,"2":15,"3":0,"4":0},"fnMap":{"1":{"name":"isPromise","line":10,"loc":{"start":{"line":10,"column":0},"end":{"line":10,"column":28}}},"2":{"name":"isObservable","line":14,"loc":{"start":{"line":14,"column":0},"end":{"line":14,"column":34}}},"3":{"name":"areObservable","line":18,"loc":{"start":{"line":18,"column":0},"end":{"line":18,"column":36}}},"4":{"name":"(anonymous_4)","line":22,"loc":{"start":{"line":22,"column":28},"end":{"line":22,"column":55}}}},"statementMap":{"1":{"start":{"line":1,"column":0},"end":{"line":1,"column":39}},"2":{"start":{"line":3,"column":0},"end":{"line":8,"column":2}},"3":{"start":{"line":10,"column":0},"end":{"line":12,"column":1}},"4":{"start":{"line":11,"column":2},"end":{"line":11,"column":55}},"5":{"start":{"line":14,"column":0},"end":{"line":16,"column":1}},"6":{"start":{"line":15,"column":2},"end":{"line":15,"column":66}},"7":{"start":{"line":18,"column":0},"end":{"line":25,"column":1}},"8":{"start":{"line":19,"column":2},"end":{"line":21,"column":3}},"9":{"start":{"line":20,"column":4},"end":{"line":20,"column":17}},"10":{"start":{"line":22,"column":2},"end":{"line":24,"column":11}},"11":{"start":{"line":23,"column":4},"end":{"line":23,"column":44}}},"branchMap":{"1":{"line":11,"type":"binary-expr","locations":[{"start":{"line":11,"column":9},"end":{"line":11,"column":16}},{"start":{"line":11,"column":20},"end":{"line":11,"column":54}}]},"2":{"line":15,"type":"binary-expr","locations":[{"start":{"line":15,"column":9},"end":{"line":15,"column":19}},{"start":{"line":15,"column":23},"end":{"line":15,"column":65}}]},"3":{"line":19,"type":"if","locations":[{"start":{"line":19,"column":2},"end":{"line":19,"column":2}},{"start":{"line":19,"column":2},"end":{"line":19,"column":2}}]},"4":{"line":23,"type":"binary-expr","locations":[{"start":{"line":23,"column":11},"end":{"line":23,"column":15}},{"start":{"line":23,"column":19},"end":{"line":23,"column":43}}]}}},"/Users/nathanleniz/Developer/thundercats/lib/ObservableStateMixin.js":{"path":"/Users/nathanleniz/Developer/thundercats/lib/ObservableStateMixin.js","s":{"1":1,"2":1,"3":0,"4":0,"5":0,"6":0,"7":0,"8":0,"9":0,"10":0,"11":0,"12":0,"13":0,"14":0,"15":0,"16":0,"17":0,"18":0,"19":0,"20":0,"21":0,"22":0,"23":0,"24":1,"25":0,"26":0,"27":0,"28":1},"b":{"1":[0,0,0],"2":[0,0],"3":[0,0],"4":[0,0],"5":[0,0],"6":[0,0,0]},"f":{"1":0,"2":0,"3":0,"4":0,"5":0,"6":0,"7":0},"fnMap":{"1":{"name":"(anonymous_1)","line":20,"loc":{"start":{"line":20,"column":19},"end":{"line":20,"column":31}}},"2":{"name":"(anonymous_2)","line":56,"loc":{"start":{"line":56,"column":44},"end":{"line":56,"column":59}}},"3":{"name":"(anonymous_3)","line":70,"loc":{"start":{"line":70,"column":21},"end":{"line":70,"column":32}}},"4":{"name":"(anonymous_4)","line":81,"loc":{"start":{"line":81,"column":24},"end":{"line":81,"column":36}}},"5":{"name":"(anonymous_5)","line":95,"loc":{"start":{"line":95,"column":18},"end":{"line":95,"column":33}}},"6":{"name":"disposeAllSubscriptions","line":112,"loc":{"start":{"line":112,"column":0},"end":{"line":112,"column":35}}},"7":{"name":"(anonymous_7)","line":113,"loc":{"start":{"line":113,"column":29},"end":{"line":113,"column":53}}}},"statementMap":{"1":{"start":{"line":5,"column":0},"end":{"line":10,"column":28}},"2":{"start":{"line":12,"column":0},"end":{"line":109,"column":2}},"3":{"start":{"line":21,"column":4},"end":{"line":22,"column":66}},"4":{"start":{"line":24,"column":4},"end":{"line":29,"column":6}},"5":{"start":{"line":31,"column":4},"end":{"line":31,"column":59}},"6":{"start":{"line":33,"column":4},"end":{"line":40,"column":6}},"7":{"start":{"line":45,"column":4},"end":{"line":47,"column":5}},"8":{"start":{"line":46,"column":6},"end":{"line":46,"column":72}},"9":{"start":{"line":49,"column":4},"end":{"line":49,"column":28}},"10":{"start":{"line":56,"column":4},"end":{"line":65,"column":7}},"11":{"start":{"line":57,"column":6},"end":{"line":63,"column":8}},"12":{"start":{"line":64,"column":6},"end":{"line":64,"column":25}},"13":{"start":{"line":67,"column":4},"end":{"line":67,"column":24}},"14":{"start":{"line":73,"column":4},"end":{"line":74,"column":65}},"15":{"start":{"line":78,"column":4},"end":{"line":78,"column":54}},"16":{"start":{"line":84,"column":4},"end":{"line":90,"column":5}},"17":{"start":{"line":85,"column":6},"end":{"line":85,"column":40}},"18":{"start":{"line":86,"column":6},"end":{"line":86,"column":70}},"19":{"start":{"line":87,"column":6},"end":{"line":89,"column":7}},"20":{"start":{"line":88,"column":8},"end":{"line":88,"column":44}},"21":{"start":{"line":96,"column":4},"end":{"line":97,"column":66}},"22":{"start":{"line":99,"column":4},"end":{"line":105,"column":6}},"23":{"start":{"line":107,"column":4},"end":{"line":107,"column":23}},"24":{"start":{"line":112,"column":0},"end":{"line":117,"column":1}},"25":{"start":{"line":113,"column":2},"end":{"line":115,"column":5}},"26":{"start":{"line":114,"column":4},"end":{"line":114,"column":27}},"27":{"start":{"line":116,"column":2},"end":{"line":116,"column":26}},"28":{"start":{"line":119,"column":0},"end":{"line":119,"column":38}}},"branchMap":{"1":{"line":22,"type":"binary-expr","locations":[{"start":{"line":22,"column":6},"end":{"line":22,"column":34}},{"start":{"line":22,"column":38},"end":{"line":22,"column":59}},{"start":{"line":22,"column":63},"end":{"line":22,"column":65}}]},"2":{"line":34,"type":"binary-expr","locations":[{"start":{"line":34,"column":6},"end":{"line":34,"column":42}},{"start":{"line":35,"column":8},"end":{"line":35,"column":43}}]},"3":{"line":45,"type":"if","locations":[{"start":{"line":45,"column":4},"end":{"line":45,"column":4}},{"start":{"line":45,"column":4},"end":{"line":45,"column":4}}]},"4":{"line":84,"type":"if","locations":[{"start":{"line":84,"column":4},"end":{"line":84,"column":4}},{"start":{"line":84,"column":4},"end":{"line":84,"column":4}}]},"5":{"line":87,"type":"if","locations":[{"start":{"line":87,"column":6},"end":{"line":87,"column":6}},{"start":{"line":87,"column":6},"end":{"line":87,"column":6}}]},"6":{"line":97,"type":"binary-expr","locations":[{"start":{"line":97,"column":6},"end":{"line":97,"column":34}},{"start":{"line":97,"column":38},"end":{"line":97,"column":59}},{"start":{"line":97,"column":63},"end":{"line":97,"column":65}}]}}}}