TN:
SF:/Users/nathanleniz/Developer/thundercats/lib/action.js
FN:4,create
FN:10,(anonymous_2)
FN:33,(anonymous_3)
FN:36,(anonymous_4)
FN:45,(anonymous_5)
FN:51,(anonymous_6)
FN:54,(anonymous_7)
FN:56,(anonymous_8)
FN:61,(anonymous_9)
FNF:9
FNH:0
FNDA:0,create
FNDA:0,(anonymous_2)
FNDA:0,(anonymous_3)
FNDA:0,(anonymous_4)
FNDA:0,(anonymous_5)
FNDA:0,(anonymous_6)
FNDA:0,(anonymous_7)
FNDA:0,(anonymous_8)
FNDA:0,(anonymous_9)
DA:1,1
DA:4,1
DA:5,0
DA:7,0
DA:8,0
DA:10,0
DA:11,0
DA:12,0
DA:13,0
DA:15,0
DA:19,0
DA:20,0
DA:21,0
DA:22,0
DA:24,0
DA:26,0
DA:29,0
DA:30,0
DA:33,0
DA:34,0
DA:35,0
DA:37,0
DA:38,0
DA:39,0
DA:45,0
DA:46,0
DA:51,0
DA:52,0
DA:53,0
DA:55,0
DA:57,0
DA:58,0
DA:59,0
DA:62,0
DA:68,0
DA:72,1
LF:36
LH:3
BRDA:11,1,0,0
BRDA:11,1,1,0
BRDA:12,2,0,0
BRDA:12,2,1,0
BRDA:38,3,0,0
BRDA:38,3,1,0
BRDA:46,4,0,0
BRDA:46,4,1,0
BRDA:46,4,2,0
BRF:9
BRH:0
end_of_record
TN:
SF:/Users/nathanleniz/Developer/thundercats/lib/invariant.js
FN:23,(anonymous_1)
FN:42,(anonymous_2)
FNF:2
FNH:2
FNDA:39,(anonymous_1)
FNDA:4,(anonymous_2)
DA:23,1
DA:24,39
DA:25,39
DA:26,0
DA:30,39
DA:31,4
DA:32,4
DA:33,0
DA:38,4
DA:39,4
DA:40,4
DA:42,4
DA:47,4
DA:48,4
DA:52,1
LF:15
LH:13
BRDA:24,1,0,39
BRDA:24,1,1,0
BRDA:25,2,0,0
BRDA:25,2,1,39
BRDA:30,3,0,4
BRDA:30,3,1,35
BRDA:32,4,0,0
BRDA:32,4,1,4
BRF:8
BRH:5
end_of_record
TN:
SF:/Users/nathanleniz/Developer/thundercats/lib/store.js
FN:8,create
FN:38,hasObservers
FN:42,notifyObservers
FN:43,(anonymous_4)
FN:52,init
FN:63,setValue
FN:70,disposeOperations
FN:80,initOperations
FN:94,dispose
FN:104,cancelOperation
FN:112,(anonymous_11)
FN:123,confirmOperation
FN:129,(anonymous_13)
FN:140,operationObservers
FN:176,(anonymous_15)
FN:178,(anonymous_16)
FN:187,applyOperation
FN:194,subscribe
FN:208,(anonymous_19)
FNF:19
FNH:15
FNDA:12,create
FNDA:6,hasObservers
FNDA:9,notifyObservers
FNDA:5,(anonymous_4)
FNDA:5,init
FNDA:5,setValue
FNDA:5,disposeOperations
FNDA:5,initOperations
FNDA:0,dispose
FNDA:1,cancelOperation
FNDA:0,(anonymous_11)
FNDA:2,confirmOperation
FNDA:2,(anonymous_13)
FNDA:3,operationObservers
FNDA:0,(anonymous_15)
FNDA:1,(anonymous_16)
FNDA:3,applyOperation
FNDA:6,subscribe
FNDA:0,(anonymous_19)
DA:1,1
DA:2,1
DA:3,1
DA:4,1
DA:5,1
DA:6,1
DA:8,1
DA:9,12
DA:14,11
DA:20,9
DA:26,8
DA:27,8
DA:30,8
DA:31,8
DA:32,8
DA:33,8
DA:34,8
DA:35,8
DA:36,8
DA:38,1
DA:39,6
DA:42,1
DA:43,9
DA:44,5
DA:45,0
DA:47,5
DA:52,1
DA:53,5
DA:54,5
DA:55,0
DA:56,5
DA:57,1
DA:59,4
DA:63,1
DA:64,5
DA:65,5
DA:66,5
DA:67,5
DA:70,1
DA:71,5
DA:72,0
DA:75,5
DA:76,5
DA:77,5
DA:80,1
DA:81,5
DA:83,5
DA:84,3
DA:85,3
DA:86,0
DA:90,3
DA:94,1
DA:95,0
DA:96,0
DA:98,0
DA:99,0
DA:100,0
DA:101,0
DA:104,1
DA:105,1
DA:106,0
DA:109,1
DA:110,1
DA:112,1
DA:113,0
DA:114,0
DA:115,0
DA:118,1
DA:119,1
DA:120,1
DA:123,1
DA:124,2
DA:125,0
DA:127,2
DA:128,2
DA:129,2
DA:130,2
DA:131,2
DA:132,2
DA:133,2
DA:137,2
DA:140,1
DA:141,3
DA:146,3
DA:157,3
DA:158,3
DA:159,3
DA:162,3
DA:163,3
DA:167,3
DA:169,3
DA:170,1
DA:176,1
DA:177,0
DA:179,1
DA:182,2
DA:187,1
DA:188,3
DA:194,1
DA:196,6
DA:198,6
DA:199,5
DA:202,6
DA:204,6
DA:205,5
DA:208,6
DA:209,0
DA:210,0
DA:211,0
DA:216,8
DA:219,1
LF:111
LH:92
BRDA:10,1,0,12
BRDA:10,1,1,12
BRDA:15,2,0,11
BRDA:15,2,1,10
BRDA:21,3,0,9
BRDA:21,3,1,6
BRDA:44,4,0,0
BRDA:44,4,1,5
BRDA:54,5,0,0
BRDA:54,5,1,5
BRDA:56,6,0,1
BRDA:56,6,1,4
BRDA:71,7,0,0
BRDA:71,7,1,5
BRDA:83,8,0,3
BRDA:83,8,1,2
BRDA:85,9,0,0
BRDA:85,9,1,3
BRDA:95,10,0,0
BRDA:95,10,1,0
BRDA:105,11,0,0
BRDA:105,11,1,1
BRDA:124,12,0,0
BRDA:124,12,1,2
BRDA:130,13,0,2
BRDA:130,13,1,0
BRDA:142,14,0,3
BRDA:142,14,1,3
BRDA:147,15,0,3
BRDA:147,15,1,1
BRDA:147,15,2,1
BRDA:169,16,0,1
BRDA:169,16,1,2
BRDA:188,17,0,2
BRDA:188,17,1,1
BRDA:198,18,0,5
BRDA:198,18,1,1
BRDA:204,19,0,5
BRDA:204,19,1,1
BRDA:210,20,0,0
BRDA:210,20,1,0
BRF:41
BRH:30
end_of_record
TN:
SF:/Users/nathanleniz/Developer/thundercats/utils/index.js
FN:6,isPromise
FN:10,isObservable
FNF:2
FNH:2
FNDA:6,isPromise
FNDA:8,isObservable
DA:1,1
DA:6,1
DA:7,6
DA:10,1
DA:11,8
LF:5
LH:5
BRDA:7,1,0,6
BRDA:7,1,1,5
BRDA:11,2,0,8
BRDA:11,2,1,7
BRF:4
BRH:4
end_of_record
