TN:
SF:/Users/nathanleniz/Developer/thundercats/lib/action.js
FN:4,create
FN:10,(anonymous_2)
FN:33,(anonymous_3)
FN:36,(anonymous_4)
FN:45,(anonymous_5)
FN:51,(anonymous_6)
FN:54,(anonymous_7)
FN:56,(anonymous_8)
FN:61,(anonymous_9)
FNF:9
FNH:0
FNDA:0,create
FNDA:0,(anonymous_2)
FNDA:0,(anonymous_3)
FNDA:0,(anonymous_4)
FNDA:0,(anonymous_5)
FNDA:0,(anonymous_6)
FNDA:0,(anonymous_7)
FNDA:0,(anonymous_8)
FNDA:0,(anonymous_9)
DA:1,1
DA:4,1
DA:5,0
DA:7,0
DA:8,0
DA:10,0
DA:11,0
DA:12,0
DA:13,0
DA:15,0
DA:19,0
DA:20,0
DA:21,0
DA:22,0
DA:24,0
DA:26,0
DA:29,0
DA:30,0
DA:33,0
DA:34,0
DA:35,0
DA:37,0
DA:38,0
DA:39,0
DA:45,0
DA:46,0
DA:51,0
DA:52,0
DA:53,0
DA:55,0
DA:57,0
DA:58,0
DA:59,0
DA:62,0
DA:68,0
DA:72,1
LF:36
LH:3
BRDA:11,1,0,0
BRDA:11,1,1,0
BRDA:12,2,0,0
BRDA:12,2,1,0
BRDA:38,3,0,0
BRDA:38,3,1,0
BRDA:46,4,0,0
BRDA:46,4,1,0
BRDA:46,4,2,0
BRF:9
BRH:0
end_of_record
TN:
SF:/Users/nathanleniz/Developer/thundercats/lib/invariant.js
FN:23,(anonymous_1)
FN:42,(anonymous_2)
FNF:2
FNH:2
FNDA:51,(anonymous_1)
FNDA:4,(anonymous_2)
DA:23,1
DA:24,51
DA:25,51
DA:26,0
DA:30,51
DA:31,4
DA:32,4
DA:33,0
DA:38,4
DA:39,4
DA:40,4
DA:42,4
DA:47,4
DA:48,4
DA:52,1
LF:15
LH:13
BRDA:24,1,0,51
BRDA:24,1,1,0
BRDA:25,2,0,0
BRDA:25,2,1,51
BRDA:30,3,0,4
BRDA:30,3,1,47
BRDA:32,4,0,0
BRDA:32,4,1,4
BRF:8
BRH:5
end_of_record
TN:
SF:/Users/nathanleniz/Developer/thundercats/lib/store.js
FN:8,create
FN:38,hasObservers
FN:42,notifyObservers
FN:43,(anonymous_4)
FN:52,init
FN:63,setValue
FN:70,disposeOperations
FN:80,initOperations
FN:94,dispose
FN:104,cancelOperation
FN:112,(anonymous_11)
FN:123,confirmOperation
FN:129,(anonymous_13)
FN:140,operationObservers
FN:176,(anonymous_15)
FN:178,(anonymous_16)
FN:187,applyOperation
FN:194,subscribe
FN:208,(anonymous_19)
FNF:19
FNH:18
FNDA:14,create
FNDA:11,hasObservers
FNDA:17,notifyObservers
FNDA:13,(anonymous_4)
FNDA:8,init
FNDA:9,setValue
FNDA:10,disposeOperations
FNDA:9,initOperations
FNDA:1,dispose
FNDA:3,cancelOperation
FNDA:1,(anonymous_11)
FNDA:2,confirmOperation
FNDA:2,(anonymous_13)
FNDA:5,operationObservers
FNDA:0,(anonymous_15)
FNDA:3,(anonymous_16)
FNDA:6,applyOperation
FNDA:10,subscribe
FNDA:1,(anonymous_19)
DA:1,1
DA:2,1
DA:3,1
DA:4,1
DA:5,1
DA:6,1
DA:8,1
DA:9,14
DA:14,13
DA:20,11
DA:26,10
DA:27,10
DA:30,10
DA:31,10
DA:32,10
DA:33,10
DA:34,10
DA:35,10
DA:36,10
DA:38,1
DA:39,11
DA:42,1
DA:43,17
DA:44,13
DA:45,0
DA:47,13
DA:52,1
DA:53,8
DA:54,8
DA:55,0
DA:56,8
DA:57,3
DA:59,5
DA:63,1
DA:64,9
DA:65,9
DA:66,9
DA:67,9
DA:70,1
DA:71,10
DA:72,2
DA:75,10
DA:76,10
DA:77,10
DA:80,1
DA:81,9
DA:83,9
DA:84,7
DA:85,7
DA:86,0
DA:90,7
DA:94,1
DA:95,1
DA:96,1
DA:98,1
DA:99,1
DA:100,1
DA:101,1
DA:104,1
DA:105,3
DA:106,0
DA:109,3
DA:110,3
DA:112,3
DA:113,1
DA:114,1
DA:115,1
DA:118,3
DA:119,3
DA:120,3
DA:123,1
DA:124,2
DA:125,0
DA:127,2
DA:128,2
DA:129,2
DA:130,2
DA:131,2
DA:132,2
DA:133,2
DA:137,2
DA:140,1
DA:141,5
DA:146,5
DA:157,5
DA:158,5
DA:159,5
DA:162,5
DA:163,5
DA:167,5
DA:169,5
DA:170,3
DA:176,3
DA:177,0
DA:179,3
DA:182,2
DA:187,1
DA:188,6
DA:194,1
DA:196,10
DA:198,10
DA:199,8
DA:202,10
DA:204,10
DA:205,6
DA:208,10
DA:209,1
DA:210,1
DA:211,1
DA:216,10
DA:219,1
LF:111
LH:105
BRDA:10,1,0,14
BRDA:10,1,1,14
BRDA:15,2,0,13
BRDA:15,2,1,12
BRDA:21,3,0,11
BRDA:21,3,1,8
BRDA:44,4,0,0
BRDA:44,4,1,13
BRDA:54,5,0,0
BRDA:54,5,1,8
BRDA:56,6,0,3
BRDA:56,6,1,5
BRDA:71,7,0,2
BRDA:71,7,1,8
BRDA:83,8,0,7
BRDA:83,8,1,2
BRDA:85,9,0,0
BRDA:85,9,1,7
BRDA:95,10,0,1
BRDA:95,10,1,0
BRDA:105,11,0,0
BRDA:105,11,1,3
BRDA:124,12,0,0
BRDA:124,12,1,2
BRDA:130,13,0,2
BRDA:130,13,1,0
BRDA:142,14,0,5
BRDA:142,14,1,5
BRDA:147,15,0,5
BRDA:147,15,1,3
BRDA:147,15,2,3
BRDA:169,16,0,3
BRDA:169,16,1,2
BRDA:188,17,0,2
BRDA:188,17,1,4
BRDA:198,18,0,8
BRDA:198,18,1,2
BRDA:204,19,0,6
BRDA:204,19,1,4
BRDA:210,20,0,1
BRDA:210,20,1,0
BRF:41
BRH:33
end_of_record
TN:
SF:/Users/nathanleniz/Developer/thundercats/utils/index.js
FN:6,isPromise
FN:10,isObservable
FNF:2
FNH:2
FNDA:11,isPromise
FNDA:15,isObservable
DA:1,1
DA:6,1
DA:7,11
DA:10,1
DA:11,15
LF:5
LH:5
BRDA:7,1,0,11
BRDA:7,1,1,10
BRDA:11,2,0,15
BRDA:11,2,1,14
BRF:4
BRH:4
end_of_record
